<?xml version="1.0" encoding="UTF-8"?>
<!-- Generated by org.testng.reporters.JUnitReportReporter -->
<testsuite skipped="0" hostname="Hello-world" name="testautomationmaven.mavenjava.AppiumTest" tests="2" failures="0" timestamp="2021-12-22T09:49:55 IST" time="0.005" errors="0">
  <testcase name="AppiumTestCase" time="0.003" classname="testautomationmaven.mavenjava.AppiumTest"/>
  <system-out/>
  <testcase name="AppiumTestCasetwo" time="0.002" classname="testautomationmaven.mavenjava.AppiumTest"/>
  <system-out/>
</testsuite> <!-- testautomationmaven.mavenjava.AppiumTest -->
