<?xml version="1.0" encoding="UTF-8"?>
<!-- Generated by org.testng.reporters.JUnitReportReporter -->
<testsuite skipped="0" hostname="Hello-world" name="testautomationmaven.mavenjava.ApiTest" tests="2" failures="0" timestamp="2021-12-22T09:49:55 IST" time="0.004" errors="0">
  <testcase name="ApiTestCasetwo" time="0.002" classname="testautomationmaven.mavenjava.ApiTest"/>
  <system-out/>
  <testcase name="ApiTestCase" time="0.002" classname="testautomationmaven.mavenjava.ApiTest"/>
  <system-out/>
</testsuite> <!-- testautomationmaven.mavenjava.ApiTest -->
