<?xml version="1.0" encoding="UTF-8"?>
<!-- Generated by org.testng.reporters.JUnitReportReporter -->
<testsuite skipped="0" hostname="Hello-world" name="testautomationmaven.mavenjava.SeleniumTest" tests="2" failures="0" timestamp="2021-12-22T09:49:55 IST" time="55.746" errors="0">
  <testcase name="ElementsAutomation" time="0.003" classname="testautomationmaven.mavenjava.SeleniumTest"/>
  <system-out/>
  <testcase name="BrowserAutomation" time="55.743" classname="testautomationmaven.mavenjava.SeleniumTest"/>
  <system-out/>
</testsuite> <!-- testautomationmaven.mavenjava.SeleniumTest -->
