<?xml version="1.0" encoding="UTF-8"?>
<!-- Generated by org.testng.reporters.JUnitReportReporter -->
<testsuite skipped="0" hostname="Hello-world" name="testautomationmaven.mavenjava.SeleniumTest" tests="2" failures="0" timestamp="2021-12-14T17:34:44 IST" time="62.569" errors="0">
  <testcase name="BrowserAutomation" time="62.568" classname="testautomationmaven.mavenjava.SeleniumTest"/>
  <system-out/>
  <testcase name="ElementsAutomation" time="0.001" classname="testautomationmaven.mavenjava.SeleniumTest"/>
  <system-out/>
</testsuite> <!-- testautomationmaven.mavenjava.SeleniumTest -->
